2023-05-05 23:20:26,149 [INFO] Activator:176 - 


2023-05-05 23:20:26,187 [INFO] Activator:177 - !SESSION log4j initialized
2023-05-05 23:29:52,954 [ERROR] LogOutputStream:74 - [STDERR_REDIRECT] Managed Build system manifest file error: Option fr.ac6.managedbuild.option.gnu.cross.mcu.1947419152 uses a null category that is invalid in its context. The option was ignored.
2023-05-05 23:29:52,995 [ERROR] LogOutputStream:74 - [STDERR_REDIRECT] Managed Build system manifest file error: Option fr.ac6.managedbuild.option.gnu.cross.fpu.1165881043 uses a null category that is invalid in its context. The option was ignored.
2023-05-05 23:29:53,015 [ERROR] LogOutputStream:74 - [STDERR_REDIRECT] Managed Build system manifest file error: Option fr.ac6.managedbuild.option.gnu.cross.floatabi.29117250 uses a null category that is invalid in its context. The option was ignored.
2023-05-05 23:29:53,035 [ERROR] LogOutputStream:74 - [STDERR_REDIRECT] Managed Build system manifest file error: Option fr.ac6.managedbuild.option.gnu.cross.board.469058725 uses a null category that is invalid in its context. The option was ignored.
2023-05-05 23:29:53,157 [ERROR] LogOutputStream:74 - [STDERR_REDIRECT] Managed Build system manifest file error: Option fr.ac6.managedbuild.option.gnu.cross.mcu.2020399737 uses a null category that is invalid in its context. The option was ignored.
2023-05-05 23:29:53,178 [ERROR] LogOutputStream:74 - [STDERR_REDIRECT] Managed Build system manifest file error: Option fr.ac6.managedbuild.option.gnu.cross.fpu.906366420 uses a null category that is invalid in its context. The option was ignored.
2023-05-05 23:29:53,196 [ERROR] LogOutputStream:74 - [STDERR_REDIRECT] Managed Build system manifest file error: Option fr.ac6.managedbuild.option.gnu.cross.floatabi.779923141 uses a null category that is invalid in its context. The option was ignored.
2023-05-05 23:29:53,218 [ERROR] LogOutputStream:74 - [STDERR_REDIRECT] Managed Build system manifest file error: Option fr.ac6.managedbuild.option.gnu.cross.board.1878935188 uses a null category that is invalid in its context. The option was ignored.
2023-05-05 23:29:53,454 [ERROR] LogOutputStream:74 - [STDERR_REDIRECT] Managed Build system manifest file error: Option fr.ac6.managedbuild.option.gnu.cross.mcu.394851622 uses a null category that is invalid in its context. The option was ignored.
2023-05-05 23:29:53,469 [ERROR] LogOutputStream:74 - [STDERR_REDIRECT] Managed Build system manifest file error: Option fr.ac6.managedbuild.option.gnu.cross.fpu.1327229055 uses a null category that is invalid in its context. The option was ignored.
2023-05-05 23:29:53,485 [ERROR] LogOutputStream:74 - [STDERR_REDIRECT] Managed Build system manifest file error: Option fr.ac6.managedbuild.option.gnu.cross.floatabi.1636584684 uses a null category that is invalid in its context. The option was ignored.
2023-05-05 23:29:53,501 [ERROR] LogOutputStream:74 - [STDERR_REDIRECT] Managed Build system manifest file error: Option fr.ac6.managedbuild.option.gnu.cross.board.324877304 uses a null category that is invalid in its context. The option was ignored.
2023-05-05 23:29:53,570 [ERROR] LogOutputStream:74 - [STDERR_REDIRECT] Managed Build system manifest file error: Option fr.ac6.managedbuild.option.gnu.cross.mcu.19384094 uses a null category that is invalid in its context. The option was ignored.
2023-05-05 23:29:53,601 [ERROR] LogOutputStream:74 - [STDERR_REDIRECT] Managed Build system manifest file error: Option fr.ac6.managedbuild.option.gnu.cross.fpu.1711765115 uses a null category that is invalid in its context. The option was ignored.
2023-05-05 23:29:53,617 [ERROR] LogOutputStream:74 - [STDERR_REDIRECT] Managed Build system manifest file error: Option fr.ac6.managedbuild.option.gnu.cross.floatabi.1880392289 uses a null category that is invalid in its context. The option was ignored.
2023-05-05 23:29:53,632 [ERROR] LogOutputStream:74 - [STDERR_REDIRECT] Managed Build system manifest file error: Option fr.ac6.managedbuild.option.gnu.cross.board.237996223 uses a null category that is invalid in its context. The option was ignored.
2023-05-05 23:29:53,855 [ERROR] LogOutputStream:74 - [STDERR_REDIRECT] Managed Build system manifest file error: Option fr.ac6.managedbuild.option.gnu.cross.mcu.438066666 uses a null category that is invalid in its context. The option was ignored.
2023-05-05 23:29:53,886 [ERROR] LogOutputStream:74 - [STDERR_REDIRECT] Managed Build system manifest file error: Option fr.ac6.managedbuild.option.gnu.cross.fpu.545989271 uses a null category that is invalid in its context. The option was ignored.
2023-05-05 23:29:53,917 [ERROR] LogOutputStream:74 - [STDERR_REDIRECT] Managed Build system manifest file error: Option fr.ac6.managedbuild.option.gnu.cross.floatabi.1101998864 uses a null category that is invalid in its context. The option was ignored.
2023-05-05 23:29:53,942 [ERROR] LogOutputStream:74 - [STDERR_REDIRECT] Managed Build system manifest file error: Option fr.ac6.managedbuild.option.gnu.cross.board.1690796863 uses a null category that is invalid in its context. The option was ignored.
2023-05-05 23:29:54,023 [ERROR] LogOutputStream:74 - [STDERR_REDIRECT] Managed Build system manifest file error: Option fr.ac6.managedbuild.option.gnu.cross.mcu.1916011607 uses a null category that is invalid in its context. The option was ignored.
2023-05-05 23:29:54,053 [ERROR] LogOutputStream:74 - [STDERR_REDIRECT] Managed Build system manifest file error: Option fr.ac6.managedbuild.option.gnu.cross.fpu.609696979 uses a null category that is invalid in its context. The option was ignored.
2023-05-05 23:29:54,094 [ERROR] LogOutputStream:74 - [STDERR_REDIRECT] Managed Build system manifest file error: Option fr.ac6.managedbuild.option.gnu.cross.floatabi.295941644 uses a null category that is invalid in its context. The option was ignored.
2023-05-05 23:29:54,125 [ERROR] LogOutputStream:74 - [STDERR_REDIRECT] Managed Build system manifest file error: Option fr.ac6.managedbuild.option.gnu.cross.board.358626446 uses a null category that is invalid in its context. The option was ignored.
2023-05-05 23:29:54,440 [ERROR] LogOutputStream:74 - [STDERR_REDIRECT] Managed Build system manifest file error: Option fr.ac6.managedbuild.option.gnu.cross.mcu.1237318225 uses a null category that is invalid in its context. The option was ignored.
2023-05-05 23:29:54,460 [ERROR] LogOutputStream:74 - [STDERR_REDIRECT] Managed Build system manifest file error: Option fr.ac6.managedbuild.option.gnu.cross.fpu.1966950669 uses a null category that is invalid in its context. The option was ignored.
2023-05-05 23:29:54,664 [ERROR] LogOutputStream:74 - [STDERR_REDIRECT] Managed Build system manifest file error: Option fr.ac6.managedbuild.option.gnu.cross.floatabi.2145028350 uses a null category that is invalid in its context. The option was ignored.
2023-05-05 23:29:54,684 [ERROR] LogOutputStream:74 - [STDERR_REDIRECT] Managed Build system manifest file error: Option fr.ac6.managedbuild.option.gnu.cross.board.1138038218 uses a null category that is invalid in its context. The option was ignored.
2023-05-05 23:29:54,786 [ERROR] LogOutputStream:74 - [STDERR_REDIRECT] Managed Build system manifest file error: Option fr.ac6.managedbuild.option.gnu.cross.mcu.508952932 uses a null category that is invalid in its context. The option was ignored.
2023-05-05 23:29:54,824 [ERROR] LogOutputStream:74 - [STDERR_REDIRECT] Managed Build system manifest file error: Option fr.ac6.managedbuild.option.gnu.cross.fpu.828622262 uses a null category that is invalid in its context. The option was ignored.
2023-05-05 23:29:54,847 [ERROR] LogOutputStream:74 - [STDERR_REDIRECT] Managed Build system manifest file error: Option fr.ac6.managedbuild.option.gnu.cross.floatabi.1195247710 uses a null category that is invalid in its context. The option was ignored.
2023-05-05 23:29:54,877 [ERROR] LogOutputStream:74 - [STDERR_REDIRECT] Managed Build system manifest file error: Option fr.ac6.managedbuild.option.gnu.cross.board.2122223380 uses a null category that is invalid in its context. The option was ignored.
2023-05-05 23:29:55,034 [ERROR] LogOutputStream:74 - [STDERR_REDIRECT] Managed Build system manifest file error: Option fr.ac6.managedbuild.option.gnu.cross.mcu.978828231 uses a null category that is invalid in its context. The option was ignored.
2023-05-05 23:29:55,049 [ERROR] LogOutputStream:74 - [STDERR_REDIRECT] Managed Build system manifest file error: Option fr.ac6.managedbuild.option.gnu.cross.fpu.110133935 uses a null category that is invalid in its context. The option was ignored.
2023-05-05 23:29:55,065 [ERROR] LogOutputStream:74 - [STDERR_REDIRECT] Managed Build system manifest file error: Option fr.ac6.managedbuild.option.gnu.cross.floatabi.9569680 uses a null category that is invalid in its context. The option was ignored.
2023-05-05 23:29:55,087 [ERROR] LogOutputStream:74 - [STDERR_REDIRECT] Managed Build system manifest file error: Option fr.ac6.managedbuild.option.gnu.cross.board.15120582 uses a null category that is invalid in its context. The option was ignored.
2023-05-05 23:29:55,165 [ERROR] LogOutputStream:74 - [STDERR_REDIRECT] Managed Build system manifest file error: Option fr.ac6.managedbuild.option.gnu.cross.mcu.1058815972 uses a null category that is invalid in its context. The option was ignored.
2023-05-05 23:29:55,187 [ERROR] LogOutputStream:74 - [STDERR_REDIRECT] Managed Build system manifest file error: Option fr.ac6.managedbuild.option.gnu.cross.fpu.1240480667 uses a null category that is invalid in its context. The option was ignored.
2023-05-05 23:29:55,218 [ERROR] LogOutputStream:74 - [STDERR_REDIRECT] Managed Build system manifest file error: Option fr.ac6.managedbuild.option.gnu.cross.floatabi.674620397 uses a null category that is invalid in its context. The option was ignored.
2023-05-05 23:29:55,234 [ERROR] LogOutputStream:74 - [STDERR_REDIRECT] Managed Build system manifest file error: Option fr.ac6.managedbuild.option.gnu.cross.board.2032380885 uses a null category that is invalid in its context. The option was ignored.
2023-05-05 23:29:55,435 [ERROR] LogOutputStream:74 - [STDERR_REDIRECT] Managed Build system manifest file error: Option fr.ac6.managedbuild.option.gnu.cross.mcu.1123656845 uses a null category that is invalid in its context. The option was ignored.
2023-05-05 23:29:55,450 [ERROR] LogOutputStream:74 - [STDERR_REDIRECT] Managed Build system manifest file error: Option fr.ac6.managedbuild.option.gnu.cross.fpu.1625094946 uses a null category that is invalid in its context. The option was ignored.
2023-05-05 23:29:55,466 [ERROR] LogOutputStream:74 - [STDERR_REDIRECT] Managed Build system manifest file error: Option fr.ac6.managedbuild.option.gnu.cross.floatabi.798324947 uses a null category that is invalid in its context. The option was ignored.
2023-05-05 23:29:55,488 [ERROR] LogOutputStream:74 - [STDERR_REDIRECT] Managed Build system manifest file error: Option fr.ac6.managedbuild.option.gnu.cross.board.2024520214 uses a null category that is invalid in its context. The option was ignored.
2023-05-05 23:29:55,535 [ERROR] LogOutputStream:74 - [STDERR_REDIRECT] Managed Build system manifest file error: Option fr.ac6.managedbuild.option.gnu.cross.mcu.735545071 uses a null category that is invalid in its context. The option was ignored.
2023-05-05 23:29:55,551 [ERROR] LogOutputStream:74 - [STDERR_REDIRECT] Managed Build system manifest file error: Option fr.ac6.managedbuild.option.gnu.cross.fpu.499796371 uses a null category that is invalid in its context. The option was ignored.
2023-05-05 23:29:55,566 [ERROR] LogOutputStream:74 - [STDERR_REDIRECT] Managed Build system manifest file error: Option fr.ac6.managedbuild.option.gnu.cross.floatabi.18101842 uses a null category that is invalid in its context. The option was ignored.
2023-05-05 23:29:55,588 [ERROR] LogOutputStream:74 - [STDERR_REDIRECT] Managed Build system manifest file error: Option fr.ac6.managedbuild.option.gnu.cross.board.527358381 uses a null category that is invalid in its context. The option was ignored.
2023-05-05 23:29:55,817 [ERROR] LogOutputStream:74 - [STDERR_REDIRECT] Managed Build system manifest file error: Option fr.ac6.managedbuild.option.gnu.cross.mcu.706507749 uses a null category that is invalid in its context. The option was ignored.
2023-05-05 23:29:55,832 [ERROR] LogOutputStream:74 - [STDERR_REDIRECT] Managed Build system manifest file error: Option fr.ac6.managedbuild.option.gnu.cross.fpu.1437707573 uses a null category that is invalid in its context. The option was ignored.
2023-05-05 23:29:55,848 [ERROR] LogOutputStream:74 - [STDERR_REDIRECT] Managed Build system manifest file error: Option fr.ac6.managedbuild.option.gnu.cross.floatabi.847016283 uses a null category that is invalid in its context. The option was ignored.
2023-05-05 23:29:55,870 [ERROR] LogOutputStream:74 - [STDERR_REDIRECT] Managed Build system manifest file error: Option fr.ac6.managedbuild.option.gnu.cross.board.426920775 uses a null category that is invalid in its context. The option was ignored.
2023-05-05 23:29:55,933 [ERROR] LogOutputStream:74 - [STDERR_REDIRECT] Managed Build system manifest file error: Option fr.ac6.managedbuild.option.gnu.cross.mcu.1243482985 uses a null category that is invalid in its context. The option was ignored.
2023-05-05 23:29:55,970 [ERROR] LogOutputStream:74 - [STDERR_REDIRECT] Managed Build system manifest file error: Option fr.ac6.managedbuild.option.gnu.cross.fpu.424151552 uses a null category that is invalid in its context. The option was ignored.
2023-05-05 23:29:56,001 [ERROR] LogOutputStream:74 - [STDERR_REDIRECT] Managed Build system manifest file error: Option fr.ac6.managedbuild.option.gnu.cross.floatabi.1438404153 uses a null category that is invalid in its context. The option was ignored.
2023-05-05 23:29:56,024 [ERROR] LogOutputStream:74 - [STDERR_REDIRECT] Managed Build system manifest file error: Option fr.ac6.managedbuild.option.gnu.cross.board.692557545 uses a null category that is invalid in its context. The option was ignored.
2023-05-05 23:29:56,349 [ERROR] LogOutputStream:74 - [STDERR_REDIRECT] Managed Build system manifest file error: Option fr.ac6.managedbuild.option.gnu.cross.mcu.1995206014 uses a null category that is invalid in its context. The option was ignored.
2023-05-05 23:29:56,380 [ERROR] LogOutputStream:74 - [STDERR_REDIRECT] Managed Build system manifest file error: Option fr.ac6.managedbuild.option.gnu.cross.fpu.190409137 uses a null category that is invalid in its context. The option was ignored.
2023-05-05 23:29:56,420 [ERROR] LogOutputStream:74 - [STDERR_REDIRECT] Managed Build system manifest file error: Option fr.ac6.managedbuild.option.gnu.cross.floatabi.1892710469 uses a null category that is invalid in its context. The option was ignored.
2023-05-05 23:29:56,449 [ERROR] LogOutputStream:74 - [STDERR_REDIRECT] Managed Build system manifest file error: Option fr.ac6.managedbuild.option.gnu.cross.board.304114292 uses a null category that is invalid in its context. The option was ignored.
2023-05-05 23:29:56,532 [ERROR] LogOutputStream:74 - [STDERR_REDIRECT] Managed Build system manifest file error: Option fr.ac6.managedbuild.option.gnu.cross.mcu.1871047884 uses a null category that is invalid in its context. The option was ignored.
2023-05-05 23:29:56,552 [ERROR] LogOutputStream:74 - [STDERR_REDIRECT] Managed Build system manifest file error: Option fr.ac6.managedbuild.option.gnu.cross.fpu.478454569 uses a null category that is invalid in its context. The option was ignored.
2023-05-05 23:29:56,573 [ERROR] LogOutputStream:74 - [STDERR_REDIRECT] Managed Build system manifest file error: Option fr.ac6.managedbuild.option.gnu.cross.floatabi.426332102 uses a null category that is invalid in its context. The option was ignored.
2023-05-05 23:29:56,601 [ERROR] LogOutputStream:74 - [STDERR_REDIRECT] Managed Build system manifest file error: Option fr.ac6.managedbuild.option.gnu.cross.board.263449989 uses a null category that is invalid in its context. The option was ignored.
2023-05-05 23:29:56,797 [ERROR] LogOutputStream:74 - [STDERR_REDIRECT] Managed Build system manifest file error: Option fr.ac6.managedbuild.option.gnu.cross.mcu.155575531 uses a null category that is invalid in its context. The option was ignored.
2023-05-05 23:29:56,817 [ERROR] LogOutputStream:74 - [STDERR_REDIRECT] Managed Build system manifest file error: Option fr.ac6.managedbuild.option.gnu.cross.fpu.1267834622 uses a null category that is invalid in its context. The option was ignored.
2023-05-05 23:29:56,848 [ERROR] LogOutputStream:74 - [STDERR_REDIRECT] Managed Build system manifest file error: Option fr.ac6.managedbuild.option.gnu.cross.floatabi.1006952177 uses a null category that is invalid in its context. The option was ignored.
2023-05-05 23:29:56,868 [ERROR] LogOutputStream:74 - [STDERR_REDIRECT] Managed Build system manifest file error: Option fr.ac6.managedbuild.option.gnu.cross.board.478660946 uses a null category that is invalid in its context. The option was ignored.
2023-05-05 23:29:56,960 [ERROR] LogOutputStream:74 - [STDERR_REDIRECT] Managed Build system manifest file error: Option fr.ac6.managedbuild.option.gnu.cross.mcu.109293988 uses a null category that is invalid in its context. The option was ignored.
2023-05-05 23:29:56,988 [ERROR] LogOutputStream:74 - [STDERR_REDIRECT] Managed Build system manifest file error: Option fr.ac6.managedbuild.option.gnu.cross.fpu.1791678713 uses a null category that is invalid in its context. The option was ignored.
2023-05-05 23:29:57,011 [ERROR] LogOutputStream:74 - [STDERR_REDIRECT] Managed Build system manifest file error: Option fr.ac6.managedbuild.option.gnu.cross.floatabi.655125668 uses a null category that is invalid in its context. The option was ignored.
2023-05-05 23:29:57,042 [ERROR] LogOutputStream:74 - [STDERR_REDIRECT] Managed Build system manifest file error: Option fr.ac6.managedbuild.option.gnu.cross.board.1914021512 uses a null category that is invalid in its context. The option was ignored.
2023-05-05 23:29:57,224 [ERROR] LogOutputStream:74 - [STDERR_REDIRECT] Managed Build system manifest file error: Option fr.ac6.managedbuild.option.gnu.cross.mcu.420747866 uses a null category that is invalid in its context. The option was ignored.
2023-05-05 23:29:57,255 [ERROR] LogOutputStream:74 - [STDERR_REDIRECT] Managed Build system manifest file error: Option fr.ac6.managedbuild.option.gnu.cross.fpu.1391997259 uses a null category that is invalid in its context. The option was ignored.
2023-05-05 23:29:57,262 [ERROR] LogOutputStream:74 - [STDERR_REDIRECT] Managed Build system manifest file error: Option fr.ac6.managedbuild.option.gnu.cross.floatabi.97590042 uses a null category that is invalid in its context. The option was ignored.
2023-05-05 23:29:57,293 [ERROR] LogOutputStream:74 - [STDERR_REDIRECT] Managed Build system manifest file error: Option fr.ac6.managedbuild.option.gnu.cross.board.1786353674 uses a null category that is invalid in its context. The option was ignored.
2023-05-05 23:29:57,355 [ERROR] LogOutputStream:74 - [STDERR_REDIRECT] Managed Build system manifest file error: Option fr.ac6.managedbuild.option.gnu.cross.mcu.1391322688 uses a null category that is invalid in its context. The option was ignored.
2023-05-05 23:29:57,377 [ERROR] LogOutputStream:74 - [STDERR_REDIRECT] Managed Build system manifest file error: Option fr.ac6.managedbuild.option.gnu.cross.fpu.607461013 uses a null category that is invalid in its context. The option was ignored.
2023-05-05 23:29:57,393 [ERROR] LogOutputStream:74 - [STDERR_REDIRECT] Managed Build system manifest file error: Option fr.ac6.managedbuild.option.gnu.cross.floatabi.6909680 uses a null category that is invalid in its context. The option was ignored.
2023-05-05 23:29:57,424 [ERROR] LogOutputStream:74 - [STDERR_REDIRECT] Managed Build system manifest file error: Option fr.ac6.managedbuild.option.gnu.cross.board.1692043994 uses a null category that is invalid in its context. The option was ignored.
2023-05-05 23:29:57,678 [ERROR] LogOutputStream:74 - [STDERR_REDIRECT] Managed Build system manifest file error: Option fr.ac6.managedbuild.option.gnu.cross.mcu.1382916971 uses a null category that is invalid in its context. The option was ignored.
2023-05-05 23:29:57,694 [ERROR] LogOutputStream:74 - [STDERR_REDIRECT] Managed Build system manifest file error: Option fr.ac6.managedbuild.option.gnu.cross.fpu.79154421 uses a null category that is invalid in its context. The option was ignored.
2023-05-05 23:29:57,725 [ERROR] LogOutputStream:74 - [STDERR_REDIRECT] Managed Build system manifest file error: Option fr.ac6.managedbuild.option.gnu.cross.floatabi.1140093476 uses a null category that is invalid in its context. The option was ignored.
2023-05-05 23:29:57,741 [ERROR] LogOutputStream:74 - [STDERR_REDIRECT] Managed Build system manifest file error: Option fr.ac6.managedbuild.option.gnu.cross.board.501904318 uses a null category that is invalid in its context. The option was ignored.
2023-05-05 23:29:57,794 [ERROR] LogOutputStream:74 - [STDERR_REDIRECT] Managed Build system manifest file error: Option fr.ac6.managedbuild.option.gnu.cross.mcu.1491536284 uses a null category that is invalid in its context. The option was ignored.
2023-05-05 23:29:57,825 [ERROR] LogOutputStream:74 - [STDERR_REDIRECT] Managed Build system manifest file error: Option fr.ac6.managedbuild.option.gnu.cross.fpu.709850754 uses a null category that is invalid in its context. The option was ignored.
2023-05-05 23:29:57,841 [ERROR] LogOutputStream:74 - [STDERR_REDIRECT] Managed Build system manifest file error: Option fr.ac6.managedbuild.option.gnu.cross.floatabi.116856793 uses a null category that is invalid in its context. The option was ignored.
2023-05-05 23:29:57,863 [ERROR] LogOutputStream:74 - [STDERR_REDIRECT] Managed Build system manifest file error: Option fr.ac6.managedbuild.option.gnu.cross.board.58835127 uses a null category that is invalid in its context. The option was ignored.
2023-05-05 23:29:58,064 [ERROR] LogOutputStream:74 - [STDERR_REDIRECT] Managed Build system manifest file error: Option fr.ac6.managedbuild.option.gnu.cross.mcu.1083445995 uses a null category that is invalid in its context. The option was ignored.
2023-05-05 23:29:58,095 [ERROR] LogOutputStream:74 - [STDERR_REDIRECT] Managed Build system manifest file error: Option fr.ac6.managedbuild.option.gnu.cross.fpu.2014996287 uses a null category that is invalid in its context. The option was ignored.
2023-05-05 23:29:58,126 [ERROR] LogOutputStream:74 - [STDERR_REDIRECT] Managed Build system manifest file error: Option fr.ac6.managedbuild.option.gnu.cross.floatabi.1429499868 uses a null category that is invalid in its context. The option was ignored.
2023-05-05 23:29:58,211 [ERROR] LogOutputStream:74 - [STDERR_REDIRECT] Managed Build system manifest file error: Option fr.ac6.managedbuild.option.gnu.cross.board.716129768 uses a null category that is invalid in its context. The option was ignored.
2023-05-05 23:29:58,326 [ERROR] LogOutputStream:74 - [STDERR_REDIRECT] Managed Build system manifest file error: Option fr.ac6.managedbuild.option.gnu.cross.mcu.1767409139 uses a null category that is invalid in its context. The option was ignored.
2023-05-05 23:29:58,348 [ERROR] LogOutputStream:74 - [STDERR_REDIRECT] Managed Build system manifest file error: Option fr.ac6.managedbuild.option.gnu.cross.fpu.959527444 uses a null category that is invalid in its context. The option was ignored.
2023-05-05 23:29:58,379 [ERROR] LogOutputStream:74 - [STDERR_REDIRECT] Managed Build system manifest file error: Option fr.ac6.managedbuild.option.gnu.cross.floatabi.298371953 uses a null category that is invalid in its context. The option was ignored.
2023-05-05 23:29:58,417 [ERROR] LogOutputStream:74 - [STDERR_REDIRECT] Managed Build system manifest file error: Option fr.ac6.managedbuild.option.gnu.cross.board.1155839841 uses a null category that is invalid in its context. The option was ignored.
2023-05-05 23:29:58,622 [ERROR] LogOutputStream:74 - [STDERR_REDIRECT] Managed Build system manifest file error: Option fr.ac6.managedbuild.option.gnu.cross.mcu.818901546 uses a null category that is invalid in its context. The option was ignored.
2023-05-05 23:29:58,632 [ERROR] LogOutputStream:74 - [STDERR_REDIRECT] Managed Build system manifest file error: Option fr.ac6.managedbuild.option.gnu.cross.fpu.837756979 uses a null category that is invalid in its context. The option was ignored.
2023-05-05 23:29:58,643 [ERROR] LogOutputStream:74 - [STDERR_REDIRECT] Managed Build system manifest file error: Option fr.ac6.managedbuild.option.gnu.cross.floatabi.955840419 uses a null category that is invalid in its context. The option was ignored.
2023-05-05 23:29:58,661 [ERROR] LogOutputStream:74 - [STDERR_REDIRECT] Managed Build system manifest file error: Option fr.ac6.managedbuild.option.gnu.cross.board.1785828007 uses a null category that is invalid in its context. The option was ignored.
2023-05-05 23:29:58,722 [ERROR] LogOutputStream:74 - [STDERR_REDIRECT] Managed Build system manifest file error: Option fr.ac6.managedbuild.option.gnu.cross.mcu.1393069250 uses a null category that is invalid in its context. The option was ignored.
2023-05-05 23:29:58,754 [ERROR] LogOutputStream:74 - [STDERR_REDIRECT] Managed Build system manifest file error: Option fr.ac6.managedbuild.option.gnu.cross.fpu.2055921340 uses a null category that is invalid in its context. The option was ignored.
2023-05-05 23:29:58,769 [ERROR] LogOutputStream:74 - [STDERR_REDIRECT] Managed Build system manifest file error: Option fr.ac6.managedbuild.option.gnu.cross.floatabi.724704510 uses a null category that is invalid in its context. The option was ignored.
2023-05-05 23:29:58,791 [ERROR] LogOutputStream:74 - [STDERR_REDIRECT] Managed Build system manifest file error: Option fr.ac6.managedbuild.option.gnu.cross.board.443409583 uses a null category that is invalid in its context. The option was ignored.
2023-05-06 07:09:16,232 [ERROR] ApiDbMcu:1398 - Can't use Application install path:
2023-05-06 07:09:19,510 [WARN] RulesReader:54 - Compatibility file://mcu/compatibility.xml not found
