19:31:24 **** Build of configuration Debug for project TaskCreate ****
make -j4 all 
arm-none-eabi-gcc "../Src/main.c" -mcpu=cortex-m4 -std=gnu11 -g3 -DUSE_HAL_DRIVER -DDEBUG -DSTM32F407xx -c -I../Drivers/CMSIS/Include -I../Drivers/STM32F4xx_HAL_Driver/Inc -I../Drivers/CMSIS/Device/ST/STM32F4xx/Include -I../Drivers/STM32F4xx_HAL_Driver/Inc/Legacy -O0 -ffunction-sections -fdata-sections -Wall -fstack-usage -MMD -MP -MF"Src/main.d" -MT"Src/main.o" --specs=nano.specs -mfpu=fpv4-sp-d16 -mfloat-abi=hard -mthumb -o "Src/main.o"
arm-none-eabi-gcc "../Src/stm32f4xx_hal_msp.c" -mcpu=cortex-m4 -std=gnu11 -g3 -DUSE_HAL_DRIVER -DDEBUG -DSTM32F407xx -c -I../Drivers/CMSIS/Include -I../Drivers/STM32F4xx_HAL_Driver/Inc -I../Drivers/CMSIS/Device/ST/STM32F4xx/Include -I../Drivers/STM32F4xx_HAL_Driver/Inc/Legacy -O0 -ffunction-sections -fdata-sections -Wall -fstack-usage -MMD -MP -MF"Src/stm32f4xx_hal_msp.d" -MT"Src/stm32f4xx_hal_msp.o" --specs=nano.specs -mfpu=fpv4-sp-d16 -mfloat-abi=hard -mthumb -o "Src/stm32f4xx_hal_msp.o"
arm-none-eabi-gcc "../Src/stm32f4xx_hal_timebase_tim.c" -mcpu=cortex-m4 -std=gnu11 -g3 -DUSE_HAL_DRIVER -DDEBUG -DSTM32F407xx -c -I../Drivers/CMSIS/Include -I../Drivers/STM32F4xx_HAL_Driver/Inc -I../Drivers/CMSIS/Device/ST/STM32F4xx/Include -I../Drivers/STM32F4xx_HAL_Driver/Inc/Legacy -O0 -ffunction-sections -fdata-sections -Wall -fstack-usage -MMD -MP -MF"Src/stm32f4xx_hal_timebase_tim.d" -MT"Src/stm32f4xx_hal_timebase_tim.o" --specs=nano.specs -mfpu=fpv4-sp-d16 -mfloat-abi=hard -mthumb -o "Src/stm32f4xx_hal_timebase_tim.o"
arm-none-eabi-gcc "../Src/stm32f4xx_it.c" -mcpu=cortex-m4 -std=gnu11 -g3 -DUSE_HAL_DRIVER -DDEBUG -DSTM32F407xx -c -I../Drivers/CMSIS/Include -I../Drivers/STM32F4xx_HAL_Driver/Inc -I../Drivers/CMSIS/Device/ST/STM32F4xx/Include -I../Drivers/STM32F4xx_HAL_Driver/Inc/Legacy -O0 -ffunction-sections -fdata-sections -Wall -fstack-usage -MMD -MP -MF"Src/stm32f4xx_it.d" -MT"Src/stm32f4xx_it.o" --specs=nano.specs -mfpu=fpv4-sp-d16 -mfloat-abi=hard -mthumb -o "Src/stm32f4xx_it.o"
../Src/main.c:22:10: fatal error: main.h: No such file or directory
 #include "main.h"
          ^~~~~~~~
../Src/stm32f4xx_hal_msp.c:23:10: fatal error: main.h: No such file or directory
 #include "main.h"
          ^~~~~~~~
compilation terminated.
compilation terminated.
In file included from ../Src/stm32f4xx_hal_timebase_tim.c:22:0:
../Drivers/STM32F4xx_HAL_Driver/Inc/stm32f4xx_hal.h:30:10: fatal error: stm32f4xx_hal_conf.h: No such file or directory
 #include "stm32f4xx_hal_conf.h"
          ^~~~~~~~~~~~~~~~~~~~~~
compilation terminated.
make: *** [Src/subdir.mk:33: Src/main.o] Error 1
make: *** Waiting for unfinished jobs....
make: *** [Src/subdir.mk:35: Src/stm32f4xx_hal_msp.o] Error 1
make: *** [Src/subdir.mk:37: Src/stm32f4xx_hal_timebase_tim.o] Error 1
../Src/stm32f4xx_it.c:22:10: fatal error: main.h: No such file or directory
 #include "main.h"
          ^~~~~~~~
compilation terminated.
make: *** [Src/subdir.mk:39: Src/stm32f4xx_it.o] Error 1
"make -j4 all" terminated with exit code 2. Build might be incomplete.

19:31:30 Build Failed. 9 errors, 0 warnings. (took 5s.975ms)

