2023-05-06 07:18:44,656 [INFO] Activator:176 - 


2023-05-06 07:18:44,687 [INFO] Activator:177 - !SESSION log4j initialized
2023-05-06 11:55:04,028 [ERROR] LogOutputStream:74 - [STDERR_REDIRECT] Managed Build system manifest file error: Option fr.ac6.managedbuild.option.gnu.cross.mcu.1995206014 uses a null category that is invalid in its context. The option was ignored.
2023-05-06 11:55:04,043 [ERROR] LogOutputStream:74 - [STDERR_REDIRECT] Managed Build system manifest file error: Option fr.ac6.managedbuild.option.gnu.cross.fpu.190409137 uses a null category that is invalid in its context. The option was ignored.
2023-05-06 11:55:04,065 [ERROR] LogOutputStream:74 - [STDERR_REDIRECT] Managed Build system manifest file error: Option fr.ac6.managedbuild.option.gnu.cross.floatabi.1892710469 uses a null category that is invalid in its context. The option was ignored.
2023-05-06 11:55:04,081 [ERROR] LogOutputStream:74 - [STDERR_REDIRECT] Managed Build system manifest file error: Option fr.ac6.managedbuild.option.gnu.cross.board.304114292 uses a null category that is invalid in its context. The option was ignored.
2023-05-06 11:55:04,228 [ERROR] LogOutputStream:74 - [STDERR_REDIRECT] Managed Build system manifest file error: Option fr.ac6.managedbuild.option.gnu.cross.mcu.1871047884 uses a null category that is invalid in its context. The option was ignored.
2023-05-06 11:55:04,228 [ERROR] LogOutputStream:74 - [STDERR_REDIRECT] Managed Build system manifest file error: Option fr.ac6.managedbuild.option.gnu.cross.fpu.478454569 uses a null category that is invalid in its context. The option was ignored.
2023-05-06 11:55:04,244 [ERROR] LogOutputStream:74 - [STDERR_REDIRECT] Managed Build system manifest file error: Option fr.ac6.managedbuild.option.gnu.cross.floatabi.426332102 uses a null category that is invalid in its context. The option was ignored.
2023-05-06 11:55:04,244 [ERROR] LogOutputStream:74 - [STDERR_REDIRECT] Managed Build system manifest file error: Option fr.ac6.managedbuild.option.gnu.cross.board.263449989 uses a null category that is invalid in its context. The option was ignored.
2023-05-06 11:55:04,570 [ERROR] LogOutputStream:74 - [STDERR_REDIRECT] Managed Build system manifest file error: Option fr.ac6.managedbuild.option.gnu.cross.mcu.1995206014 uses a null category that is invalid in its context. The option was ignored.
2023-05-06 11:55:04,580 [ERROR] LogOutputStream:74 - [STDERR_REDIRECT] Managed Build system manifest file error: Option fr.ac6.managedbuild.option.gnu.cross.fpu.190409137 uses a null category that is invalid in its context. The option was ignored.
2023-05-06 11:55:04,621 [ERROR] LogOutputStream:74 - [STDERR_REDIRECT] Managed Build system manifest file error: Option fr.ac6.managedbuild.option.gnu.cross.floatabi.1892710469 uses a null category that is invalid in its context. The option was ignored.
2023-05-06 11:55:04,631 [ERROR] LogOutputStream:74 - [STDERR_REDIRECT] Managed Build system manifest file error: Option fr.ac6.managedbuild.option.gnu.cross.board.304114292 uses a null category that is invalid in its context. The option was ignored.
2023-05-06 11:55:04,661 [ERROR] LogOutputStream:74 - [STDERR_REDIRECT] Managed Build system manifest file error: Option fr.ac6.managedbuild.option.gnu.cross.mcu.1871047884 uses a null category that is invalid in its context. The option was ignored.
2023-05-06 11:55:04,671 [ERROR] LogOutputStream:74 - [STDERR_REDIRECT] Managed Build system manifest file error: Option fr.ac6.managedbuild.option.gnu.cross.fpu.478454569 uses a null category that is invalid in its context. The option was ignored.
2023-05-06 11:55:04,691 [ERROR] LogOutputStream:74 - [STDERR_REDIRECT] Managed Build system manifest file error: Option fr.ac6.managedbuild.option.gnu.cross.floatabi.426332102 uses a null category that is invalid in its context. The option was ignored.
2023-05-06 11:55:04,702 [ERROR] LogOutputStream:74 - [STDERR_REDIRECT] Managed Build system manifest file error: Option fr.ac6.managedbuild.option.gnu.cross.board.263449989 uses a null category that is invalid in its context. The option was ignored.
2023-05-06 11:59:16,390 [ERROR] LogOutputStream:74 - [STDERR_REDIRECT] Managed Build system manifest file error: Option fr.ac6.managedbuild.option.gnu.cross.mcu.1947419152 uses a null category that is invalid in its context. The option was ignored.
2023-05-06 11:59:16,436 [ERROR] LogOutputStream:74 - [STDERR_REDIRECT] Managed Build system manifest file error: Option fr.ac6.managedbuild.option.gnu.cross.fpu.1165881043 uses a null category that is invalid in its context. The option was ignored.
2023-05-06 11:59:16,468 [ERROR] LogOutputStream:74 - [STDERR_REDIRECT] Managed Build system manifest file error: Option fr.ac6.managedbuild.option.gnu.cross.floatabi.29117250 uses a null category that is invalid in its context. The option was ignored.
2023-05-06 11:59:16,483 [ERROR] LogOutputStream:74 - [STDERR_REDIRECT] Managed Build system manifest file error: Option fr.ac6.managedbuild.option.gnu.cross.board.469058725 uses a null category that is invalid in its context. The option was ignored.
2023-05-06 11:59:16,552 [ERROR] LogOutputStream:74 - [STDERR_REDIRECT] Managed Build system manifest file error: Option fr.ac6.managedbuild.option.gnu.cross.mcu.2020399737 uses a null category that is invalid in its context. The option was ignored.
2023-05-06 11:59:16,568 [ERROR] LogOutputStream:74 - [STDERR_REDIRECT] Managed Build system manifest file error: Option fr.ac6.managedbuild.option.gnu.cross.fpu.906366420 uses a null category that is invalid in its context. The option was ignored.
2023-05-06 11:59:16,568 [ERROR] LogOutputStream:74 - [STDERR_REDIRECT] Managed Build system manifest file error: Option fr.ac6.managedbuild.option.gnu.cross.floatabi.779923141 uses a null category that is invalid in its context. The option was ignored.
2023-05-06 11:59:16,590 [ERROR] LogOutputStream:74 - [STDERR_REDIRECT] Managed Build system manifest file error: Option fr.ac6.managedbuild.option.gnu.cross.board.1878935188 uses a null category that is invalid in its context. The option was ignored.
2023-05-06 11:59:17,424 [ERROR] LogOutputStream:74 - [STDERR_REDIRECT] Managed Build system manifest file error: Option fr.ac6.managedbuild.option.gnu.cross.mcu.1947419152 uses a null category that is invalid in its context. The option was ignored.
2023-05-06 11:59:17,439 [ERROR] LogOutputStream:74 - [STDERR_REDIRECT] Managed Build system manifest file error: Option fr.ac6.managedbuild.option.gnu.cross.fpu.1165881043 uses a null category that is invalid in its context. The option was ignored.
2023-05-06 11:59:17,455 [ERROR] LogOutputStream:74 - [STDERR_REDIRECT] Managed Build system manifest file error: Option fr.ac6.managedbuild.option.gnu.cross.floatabi.29117250 uses a null category that is invalid in its context. The option was ignored.
2023-05-06 11:59:17,471 [ERROR] LogOutputStream:74 - [STDERR_REDIRECT] Managed Build system manifest file error: Option fr.ac6.managedbuild.option.gnu.cross.board.469058725 uses a null category that is invalid in its context. The option was ignored.
2023-05-06 11:59:17,493 [ERROR] LogOutputStream:74 - [STDERR_REDIRECT] Managed Build system manifest file error: Option fr.ac6.managedbuild.option.gnu.cross.mcu.2020399737 uses a null category that is invalid in its context. The option was ignored.
2023-05-06 11:59:17,493 [ERROR] LogOutputStream:74 - [STDERR_REDIRECT] Managed Build system manifest file error: Option fr.ac6.managedbuild.option.gnu.cross.fpu.906366420 uses a null category that is invalid in its context. The option was ignored.
2023-05-06 11:59:17,593 [ERROR] LogOutputStream:74 - [STDERR_REDIRECT] Managed Build system manifest file error: Option fr.ac6.managedbuild.option.gnu.cross.floatabi.779923141 uses a null category that is invalid in its context. The option was ignored.
2023-05-06 11:59:17,609 [ERROR] LogOutputStream:74 - [STDERR_REDIRECT] Managed Build system manifest file error: Option fr.ac6.managedbuild.option.gnu.cross.board.1878935188 uses a null category that is invalid in its context. The option was ignored.
2023-05-29 18:43:13,511 [INFO] Activator:176 - 


2023-05-29 18:43:13,605 [INFO] Activator:177 - !SESSION log4j initialized
2023-05-29 18:43:25,698 [ERROR] LogOutputStream:74 - [STDERR_REDIRECT] Managed Build system manifest file error: Option fr.ac6.managedbuild.option.gnu.cross.mcu.1995206014 uses a null category that is invalid in its context. The option was ignored.
2023-05-29 18:43:25,729 [ERROR] LogOutputStream:74 - [STDERR_REDIRECT] Managed Build system manifest file error: Option fr.ac6.managedbuild.option.gnu.cross.fpu.190409137 uses a null category that is invalid in its context. The option was ignored.
2023-05-29 18:43:25,776 [ERROR] LogOutputStream:74 - [STDERR_REDIRECT] Managed Build system manifest file error: Option fr.ac6.managedbuild.option.gnu.cross.floatabi.1892710469 uses a null category that is invalid in its context. The option was ignored.
2023-05-29 18:43:25,807 [ERROR] LogOutputStream:74 - [STDERR_REDIRECT] Managed Build system manifest file error: Option fr.ac6.managedbuild.option.gnu.cross.board.304114292 uses a null category that is invalid in its context. The option was ignored.
2023-05-29 18:43:28,479 [ERROR] LogOutputStream:74 - [STDERR_REDIRECT] Managed Build system manifest file error: Option fr.ac6.managedbuild.option.gnu.cross.mcu.1871047884 uses a null category that is invalid in its context. The option was ignored.
2023-05-29 18:43:28,494 [ERROR] LogOutputStream:74 - [STDERR_REDIRECT] Managed Build system manifest file error: Option fr.ac6.managedbuild.option.gnu.cross.fpu.478454569 uses a null category that is invalid in its context. The option was ignored.
2023-05-29 18:43:28,526 [ERROR] LogOutputStream:74 - [STDERR_REDIRECT] Managed Build system manifest file error: Option fr.ac6.managedbuild.option.gnu.cross.floatabi.426332102 uses a null category that is invalid in its context. The option was ignored.
2023-05-29 18:43:28,557 [ERROR] LogOutputStream:74 - [STDERR_REDIRECT] Managed Build system manifest file error: Option fr.ac6.managedbuild.option.gnu.cross.board.263449989 uses a null category that is invalid in its context. The option was ignored.
2023-05-29 18:46:28,082 [ERROR] LogOutputStream:74 - [STDERR_REDIRECT] Managed Build system manifest file error: Option fr.ac6.managedbuild.option.gnu.cross.mcu.1947419152 uses a null category that is invalid in its context. The option was ignored.
2023-05-29 18:46:28,113 [ERROR] LogOutputStream:74 - [STDERR_REDIRECT] Managed Build system manifest file error: Option fr.ac6.managedbuild.option.gnu.cross.fpu.1165881043 uses a null category that is invalid in its context. The option was ignored.
2023-05-29 18:46:28,144 [ERROR] LogOutputStream:74 - [STDERR_REDIRECT] Managed Build system manifest file error: Option fr.ac6.managedbuild.option.gnu.cross.floatabi.29117250 uses a null category that is invalid in its context. The option was ignored.
2023-05-29 18:46:28,175 [ERROR] LogOutputStream:74 - [STDERR_REDIRECT] Managed Build system manifest file error: Option fr.ac6.managedbuild.option.gnu.cross.board.469058725 uses a null category that is invalid in its context. The option was ignored.
2023-05-29 18:46:28,300 [ERROR] LogOutputStream:74 - [STDERR_REDIRECT] Managed Build system manifest file error: Option fr.ac6.managedbuild.option.gnu.cross.mcu.2020399737 uses a null category that is invalid in its context. The option was ignored.
2023-05-29 18:46:28,363 [ERROR] LogOutputStream:74 - [STDERR_REDIRECT] Managed Build system manifest file error: Option fr.ac6.managedbuild.option.gnu.cross.fpu.906366420 uses a null category that is invalid in its context. The option was ignored.
2023-05-29 18:46:28,394 [ERROR] LogOutputStream:74 - [STDERR_REDIRECT] Managed Build system manifest file error: Option fr.ac6.managedbuild.option.gnu.cross.floatabi.779923141 uses a null category that is invalid in its context. The option was ignored.
2023-05-29 18:46:28,425 [ERROR] LogOutputStream:74 - [STDERR_REDIRECT] Managed Build system manifest file error: Option fr.ac6.managedbuild.option.gnu.cross.board.1878935188 uses a null category that is invalid in its context. The option was ignored.
2023-06-01 20:48:17,581 [INFO] Activator:176 - 


2023-06-01 20:48:17,722 [INFO] Activator:177 - !SESSION log4j initialized
2023-06-01 20:48:23,760 [ERROR] LogOutputStream:74 - [STDERR_REDIRECT] Managed Build system manifest file error: Option fr.ac6.managedbuild.option.gnu.cross.mcu.1995206014 uses a null category that is invalid in its context. The option was ignored.
2023-06-01 20:48:23,773 [ERROR] LogOutputStream:74 - [STDERR_REDIRECT] Managed Build system manifest file error: Option fr.ac6.managedbuild.option.gnu.cross.fpu.190409137 uses a null category that is invalid in its context. The option was ignored.
2023-06-01 20:48:23,793 [ERROR] LogOutputStream:74 - [STDERR_REDIRECT] Managed Build system manifest file error: Option fr.ac6.managedbuild.option.gnu.cross.floatabi.1892710469 uses a null category that is invalid in its context. The option was ignored.
2023-06-01 20:48:23,803 [ERROR] LogOutputStream:74 - [STDERR_REDIRECT] Managed Build system manifest file error: Option fr.ac6.managedbuild.option.gnu.cross.board.304114292 uses a null category that is invalid in its context. The option was ignored.
2023-06-01 20:48:24,877 [ERROR] LogOutputStream:74 - [STDERR_REDIRECT] Managed Build system manifest file error: Option fr.ac6.managedbuild.option.gnu.cross.mcu.1871047884 uses a null category that is invalid in its context. The option was ignored.
2023-06-01 20:48:24,877 [ERROR] LogOutputStream:74 - [STDERR_REDIRECT] Managed Build system manifest file error: Option fr.ac6.managedbuild.option.gnu.cross.fpu.478454569 uses a null category that is invalid in its context. The option was ignored.
2023-06-01 20:48:24,892 [ERROR] LogOutputStream:74 - [STDERR_REDIRECT] Managed Build system manifest file error: Option fr.ac6.managedbuild.option.gnu.cross.floatabi.426332102 uses a null category that is invalid in its context. The option was ignored.
2023-06-01 20:48:24,908 [ERROR] LogOutputStream:74 - [STDERR_REDIRECT] Managed Build system manifest file error: Option fr.ac6.managedbuild.option.gnu.cross.board.263449989 uses a null category that is invalid in its context. The option was ignored.
2023-06-01 20:55:07,787 [ERROR] LogOutputStream:74 - [STDERR_REDIRECT] Managed Build system manifest file error: Option fr.ac6.managedbuild.option.gnu.cross.mcu.1947419152 uses a null category that is invalid in its context. The option was ignored.
2023-06-01 20:55:07,799 [ERROR] LogOutputStream:74 - [STDERR_REDIRECT] Managed Build system manifest file error: Option fr.ac6.managedbuild.option.gnu.cross.fpu.1165881043 uses a null category that is invalid in its context. The option was ignored.
2023-06-01 20:55:07,807 [ERROR] LogOutputStream:74 - [STDERR_REDIRECT] Managed Build system manifest file error: Option fr.ac6.managedbuild.option.gnu.cross.floatabi.29117250 uses a null category that is invalid in its context. The option was ignored.
2023-06-01 20:55:07,819 [ERROR] LogOutputStream:74 - [STDERR_REDIRECT] Managed Build system manifest file error: Option fr.ac6.managedbuild.option.gnu.cross.board.469058725 uses a null category that is invalid in its context. The option was ignored.
2023-06-01 20:55:07,867 [ERROR] LogOutputStream:74 - [STDERR_REDIRECT] Managed Build system manifest file error: Option fr.ac6.managedbuild.option.gnu.cross.mcu.2020399737 uses a null category that is invalid in its context. The option was ignored.
2023-06-01 20:55:07,869 [ERROR] LogOutputStream:74 - [STDERR_REDIRECT] Managed Build system manifest file error: Option fr.ac6.managedbuild.option.gnu.cross.fpu.906366420 uses a null category that is invalid in its context. The option was ignored.
2023-06-01 20:55:07,879 [ERROR] LogOutputStream:74 - [STDERR_REDIRECT] Managed Build system manifest file error: Option fr.ac6.managedbuild.option.gnu.cross.floatabi.779923141 uses a null category that is invalid in its context. The option was ignored.
2023-06-01 20:55:07,900 [ERROR] LogOutputStream:74 - [STDERR_REDIRECT] Managed Build system manifest file error: Option fr.ac6.managedbuild.option.gnu.cross.board.1878935188 uses a null category that is invalid in its context. The option was ignored.
2023-06-06 19:15:12,592 [INFO] Activator:176 - 


2023-06-06 19:15:12,608 [INFO] Activator:177 - !SESSION log4j initialized
2023-06-06 19:15:15,694 [ERROR] LogOutputStream:74 - [STDERR_REDIRECT] Managed Build system manifest file error: Option fr.ac6.managedbuild.option.gnu.cross.mcu.1995206014 uses a null category that is invalid in its context. The option was ignored.
2023-06-06 19:15:15,714 [ERROR] LogOutputStream:74 - [STDERR_REDIRECT] Managed Build system manifest file error: Option fr.ac6.managedbuild.option.gnu.cross.fpu.190409137 uses a null category that is invalid in its context. The option was ignored.
2023-06-06 19:15:15,734 [ERROR] LogOutputStream:74 - [STDERR_REDIRECT] Managed Build system manifest file error: Option fr.ac6.managedbuild.option.gnu.cross.floatabi.1892710469 uses a null category that is invalid in its context. The option was ignored.
2023-06-06 19:15:15,744 [ERROR] LogOutputStream:74 - [STDERR_REDIRECT] Managed Build system manifest file error: Option fr.ac6.managedbuild.option.gnu.cross.board.304114292 uses a null category that is invalid in its context. The option was ignored.
2023-06-06 19:15:16,114 [ERROR] LogOutputStream:74 - [STDERR_REDIRECT] Managed Build system manifest file error: Option fr.ac6.managedbuild.option.gnu.cross.mcu.1871047884 uses a null category that is invalid in its context. The option was ignored.
2023-06-06 19:15:16,133 [ERROR] LogOutputStream:74 - [STDERR_REDIRECT] Managed Build system manifest file error: Option fr.ac6.managedbuild.option.gnu.cross.fpu.478454569 uses a null category that is invalid in its context. The option was ignored.
2023-06-06 19:15:16,144 [ERROR] LogOutputStream:74 - [STDERR_REDIRECT] Managed Build system manifest file error: Option fr.ac6.managedbuild.option.gnu.cross.floatabi.426332102 uses a null category that is invalid in its context. The option was ignored.
2023-06-06 19:15:16,160 [ERROR] LogOutputStream:74 - [STDERR_REDIRECT] Managed Build system manifest file error: Option fr.ac6.managedbuild.option.gnu.cross.board.263449989 uses a null category that is invalid in its context. The option was ignored.
2023-06-23 18:29:46,202 [INFO] Activator:176 - 


2023-06-23 18:29:46,322 [INFO] Activator:177 - !SESSION log4j initialized
2023-06-23 18:30:52,796 [ERROR] LogOutputStream:74 - [STDERR_REDIRECT] Managed Build system manifest file error: Option fr.ac6.managedbuild.option.gnu.cross.mcu.1947419152 uses a null category that is invalid in its context. The option was ignored.
2023-06-23 18:30:52,811 [ERROR] LogOutputStream:74 - [STDERR_REDIRECT] Managed Build system manifest file error: Option fr.ac6.managedbuild.option.gnu.cross.fpu.1165881043 uses a null category that is invalid in its context. The option was ignored.
2023-06-23 18:30:52,826 [ERROR] LogOutputStream:74 - [STDERR_REDIRECT] Managed Build system manifest file error: Option fr.ac6.managedbuild.option.gnu.cross.floatabi.29117250 uses a null category that is invalid in its context. The option was ignored.
2023-06-23 18:30:52,839 [ERROR] LogOutputStream:74 - [STDERR_REDIRECT] Managed Build system manifest file error: Option fr.ac6.managedbuild.option.gnu.cross.board.469058725 uses a null category that is invalid in its context. The option was ignored.
2023-06-23 18:30:52,950 [ERROR] LogOutputStream:74 - [STDERR_REDIRECT] Managed Build system manifest file error: Option fr.ac6.managedbuild.option.gnu.cross.mcu.2020399737 uses a null category that is invalid in its context. The option was ignored.
2023-06-23 18:30:52,964 [ERROR] LogOutputStream:74 - [STDERR_REDIRECT] Managed Build system manifest file error: Option fr.ac6.managedbuild.option.gnu.cross.fpu.906366420 uses a null category that is invalid in its context. The option was ignored.
2023-06-23 18:30:52,978 [ERROR] LogOutputStream:74 - [STDERR_REDIRECT] Managed Build system manifest file error: Option fr.ac6.managedbuild.option.gnu.cross.floatabi.779923141 uses a null category that is invalid in its context. The option was ignored.
2023-06-23 18:30:52,992 [ERROR] LogOutputStream:74 - [STDERR_REDIRECT] Managed Build system manifest file error: Option fr.ac6.managedbuild.option.gnu.cross.board.1878935188 uses a null category that is invalid in its context. The option was ignored.
2023-06-23 18:31:09,986 [ERROR] LogOutputStream:74 - [STDERR_REDIRECT] Managed Build system manifest file error: Option fr.ac6.managedbuild.option.gnu.cross.mcu.1995206014 uses a null category that is invalid in its context. The option was ignored.
2023-06-23 18:31:09,995 [ERROR] LogOutputStream:74 - [STDERR_REDIRECT] Managed Build system manifest file error: Option fr.ac6.managedbuild.option.gnu.cross.fpu.190409137 uses a null category that is invalid in its context. The option was ignored.
2023-06-23 18:31:10,004 [ERROR] LogOutputStream:74 - [STDERR_REDIRECT] Managed Build system manifest file error: Option fr.ac6.managedbuild.option.gnu.cross.floatabi.1892710469 uses a null category that is invalid in its context. The option was ignored.
2023-06-23 18:31:10,011 [ERROR] LogOutputStream:74 - [STDERR_REDIRECT] Managed Build system manifest file error: Option fr.ac6.managedbuild.option.gnu.cross.board.304114292 uses a null category that is invalid in its context. The option was ignored.
2023-06-23 18:31:10,040 [ERROR] LogOutputStream:74 - [STDERR_REDIRECT] Managed Build system manifest file error: Option fr.ac6.managedbuild.option.gnu.cross.mcu.1871047884 uses a null category that is invalid in its context. The option was ignored.
2023-06-23 18:31:10,048 [ERROR] LogOutputStream:74 - [STDERR_REDIRECT] Managed Build system manifest file error: Option fr.ac6.managedbuild.option.gnu.cross.fpu.478454569 uses a null category that is invalid in its context. The option was ignored.
2023-06-23 18:31:10,056 [ERROR] LogOutputStream:74 - [STDERR_REDIRECT] Managed Build system manifest file error: Option fr.ac6.managedbuild.option.gnu.cross.floatabi.426332102 uses a null category that is invalid in its context. The option was ignored.
2023-06-23 18:31:10,064 [ERROR] LogOutputStream:74 - [STDERR_REDIRECT] Managed Build system manifest file error: Option fr.ac6.managedbuild.option.gnu.cross.board.263449989 uses a null category that is invalid in its context. The option was ignored.
2023-06-25 14:06:24,369 [INFO] Activator:176 - 


2023-06-25 14:06:24,450 [INFO] Activator:177 - !SESSION log4j initialized
2023-06-25 14:06:28,163 [ERROR] LogOutputStream:74 - [STDERR_REDIRECT] Managed Build system manifest file error: Option fr.ac6.managedbuild.option.gnu.cross.mcu.1995206014 uses a null category that is invalid in its context. The option was ignored.
2023-06-25 14:06:28,194 [ERROR] LogOutputStream:74 - [STDERR_REDIRECT] Managed Build system manifest file error: Option fr.ac6.managedbuild.option.gnu.cross.fpu.190409137 uses a null category that is invalid in its context. The option was ignored.
2023-06-25 14:06:28,210 [ERROR] LogOutputStream:74 - [STDERR_REDIRECT] Managed Build system manifest file error: Option fr.ac6.managedbuild.option.gnu.cross.floatabi.1892710469 uses a null category that is invalid in its context. The option was ignored.
2023-06-25 14:06:28,216 [ERROR] LogOutputStream:74 - [STDERR_REDIRECT] Managed Build system manifest file error: Option fr.ac6.managedbuild.option.gnu.cross.board.304114292 uses a null category that is invalid in its context. The option was ignored.
2023-06-25 14:06:28,764 [ERROR] LogOutputStream:74 - [STDERR_REDIRECT] Managed Build system manifest file error: Option fr.ac6.managedbuild.option.gnu.cross.mcu.1871047884 uses a null category that is invalid in its context. The option was ignored.
2023-06-25 14:06:28,780 [ERROR] LogOutputStream:74 - [STDERR_REDIRECT] Managed Build system manifest file error: Option fr.ac6.managedbuild.option.gnu.cross.fpu.478454569 uses a null category that is invalid in its context. The option was ignored.
2023-06-25 14:06:28,780 [ERROR] LogOutputStream:74 - [STDERR_REDIRECT] Managed Build system manifest file error: Option fr.ac6.managedbuild.option.gnu.cross.floatabi.426332102 uses a null category that is invalid in its context. The option was ignored.
2023-06-25 14:06:28,796 [ERROR] LogOutputStream:74 - [STDERR_REDIRECT] Managed Build system manifest file error: Option fr.ac6.managedbuild.option.gnu.cross.board.263449989 uses a null category that is invalid in its context. The option was ignored.
2023-06-25 14:07:05,647 [ERROR] LogOutputStream:74 - [STDERR_REDIRECT] Managed Build system manifest file error: Option fr.ac6.managedbuild.option.gnu.cross.mcu.1947419152 uses a null category that is invalid in its context. The option was ignored.
2023-06-25 14:07:05,657 [ERROR] LogOutputStream:74 - [STDERR_REDIRECT] Managed Build system manifest file error: Option fr.ac6.managedbuild.option.gnu.cross.fpu.1165881043 uses a null category that is invalid in its context. The option was ignored.
2023-06-25 14:07:05,675 [ERROR] LogOutputStream:74 - [STDERR_REDIRECT] Managed Build system manifest file error: Option fr.ac6.managedbuild.option.gnu.cross.floatabi.29117250 uses a null category that is invalid in its context. The option was ignored.
2023-06-25 14:07:05,687 [ERROR] LogOutputStream:74 - [STDERR_REDIRECT] Managed Build system manifest file error: Option fr.ac6.managedbuild.option.gnu.cross.board.469058725 uses a null category that is invalid in its context. The option was ignored.
2023-06-25 14:07:05,717 [ERROR] LogOutputStream:74 - [STDERR_REDIRECT] Managed Build system manifest file error: Option fr.ac6.managedbuild.option.gnu.cross.mcu.2020399737 uses a null category that is invalid in its context. The option was ignored.
2023-06-25 14:07:05,727 [ERROR] LogOutputStream:74 - [STDERR_REDIRECT] Managed Build system manifest file error: Option fr.ac6.managedbuild.option.gnu.cross.fpu.906366420 uses a null category that is invalid in its context. The option was ignored.
2023-06-25 14:07:05,738 [ERROR] LogOutputStream:74 - [STDERR_REDIRECT] Managed Build system manifest file error: Option fr.ac6.managedbuild.option.gnu.cross.floatabi.779923141 uses a null category that is invalid in its context. The option was ignored.
2023-06-25 14:07:05,756 [ERROR] LogOutputStream:74 - [STDERR_REDIRECT] Managed Build system manifest file error: Option fr.ac6.managedbuild.option.gnu.cross.board.1878935188 uses a null category that is invalid in its context. The option was ignored.
2023-07-05 19:10:28,433 [INFO] Activator:176 - 


2023-07-05 19:10:28,456 [INFO] Activator:177 - !SESSION log4j initialized
2023-07-05 19:10:30,483 [ERROR] LogOutputStream:74 - [STDERR_REDIRECT] Managed Build system manifest file error: Option fr.ac6.managedbuild.option.gnu.cross.mcu.1995206014 uses a null category that is invalid in its context. The option was ignored.
2023-07-05 19:10:30,493 [ERROR] LogOutputStream:74 - [STDERR_REDIRECT] Managed Build system manifest file error: Option fr.ac6.managedbuild.option.gnu.cross.fpu.190409137 uses a null category that is invalid in its context. The option was ignored.
2023-07-05 19:10:30,513 [ERROR] LogOutputStream:74 - [STDERR_REDIRECT] Managed Build system manifest file error: Option fr.ac6.managedbuild.option.gnu.cross.floatabi.1892710469 uses a null category that is invalid in its context. The option was ignored.
2023-07-05 19:10:30,523 [ERROR] LogOutputStream:74 - [STDERR_REDIRECT] Managed Build system manifest file error: Option fr.ac6.managedbuild.option.gnu.cross.board.304114292 uses a null category that is invalid in its context. The option was ignored.
2023-07-05 19:10:30,917 [ERROR] LogOutputStream:74 - [STDERR_REDIRECT] Managed Build system manifest file error: Option fr.ac6.managedbuild.option.gnu.cross.mcu.1871047884 uses a null category that is invalid in its context. The option was ignored.
2023-07-05 19:10:30,935 [ERROR] LogOutputStream:74 - [STDERR_REDIRECT] Managed Build system manifest file error: Option fr.ac6.managedbuild.option.gnu.cross.fpu.478454569 uses a null category that is invalid in its context. The option was ignored.
2023-07-05 19:10:30,948 [ERROR] LogOutputStream:74 - [STDERR_REDIRECT] Managed Build system manifest file error: Option fr.ac6.managedbuild.option.gnu.cross.floatabi.426332102 uses a null category that is invalid in its context. The option was ignored.
2023-07-05 19:10:30,966 [ERROR] LogOutputStream:74 - [STDERR_REDIRECT] Managed Build system manifest file error: Option fr.ac6.managedbuild.option.gnu.cross.board.263449989 uses a null category that is invalid in its context. The option was ignored.
2023-07-05 19:10:52,258 [ERROR] LogOutputStream:74 - [STDERR_REDIRECT] Managed Build system manifest file error: Option fr.ac6.managedbuild.option.gnu.cross.mcu.1947419152 uses a null category that is invalid in its context. The option was ignored.
2023-07-05 19:10:52,270 [ERROR] LogOutputStream:74 - [STDERR_REDIRECT] Managed Build system manifest file error: Option fr.ac6.managedbuild.option.gnu.cross.fpu.1165881043 uses a null category that is invalid in its context. The option was ignored.
2023-07-05 19:10:52,280 [ERROR] LogOutputStream:74 - [STDERR_REDIRECT] Managed Build system manifest file error: Option fr.ac6.managedbuild.option.gnu.cross.floatabi.29117250 uses a null category that is invalid in its context. The option was ignored.
2023-07-05 19:10:52,290 [ERROR] LogOutputStream:74 - [STDERR_REDIRECT] Managed Build system manifest file error: Option fr.ac6.managedbuild.option.gnu.cross.board.469058725 uses a null category that is invalid in its context. The option was ignored.
2023-07-05 19:10:52,320 [ERROR] LogOutputStream:74 - [STDERR_REDIRECT] Managed Build system manifest file error: Option fr.ac6.managedbuild.option.gnu.cross.mcu.2020399737 uses a null category that is invalid in its context. The option was ignored.
2023-07-05 19:10:52,330 [ERROR] LogOutputStream:74 - [STDERR_REDIRECT] Managed Build system manifest file error: Option fr.ac6.managedbuild.option.gnu.cross.fpu.906366420 uses a null category that is invalid in its context. The option was ignored.
2023-07-05 19:10:52,340 [ERROR] LogOutputStream:74 - [STDERR_REDIRECT] Managed Build system manifest file error: Option fr.ac6.managedbuild.option.gnu.cross.floatabi.779923141 uses a null category that is invalid in its context. The option was ignored.
2023-07-05 19:10:52,369 [ERROR] LogOutputStream:74 - [STDERR_REDIRECT] Managed Build system manifest file error: Option fr.ac6.managedbuild.option.gnu.cross.board.1878935188 uses a null category that is invalid in its context. The option was ignored.
