11:24:53 **** Incremental Build of configuration Debug for project 008Queues_n_timers ****
make -j4 all 
arm-none-eabi-gcc "D:/RTOSTaskProj_1/RTOSWorkSpace/FreeRTOSProj/common/ThirdParty/FreeRTOS/portable/MemMang/heap_4.c" -mcpu=cortex-m4 -std=gnu11 -g3 -DUSE_HAL_DRIVER -DDEBUG -DSTM32F407xx -c -I../Drivers/CMSIS/Include -I../Drivers/STM32F4xx_HAL_Driver/Inc -I../Core/Inc -I../Drivers/CMSIS/Device/ST/STM32F4xx/Include -I../Drivers/STM32F4xx_HAL_Driver/Inc/Legacy -I"D:/Workspace/RTOS_workspace/common/ThirdParty/FreeRTOS/include" -I"D:/Workspace/RTOS_workspace/common/ThirdParty/FreeRTOS/portable/GCC/ARM_CM4F" -I"D:/Workspace/RTOS_workspace/common/ThirdParty/SEGGER/Config" -I"D:/Workspace/RTOS_workspace/common/ThirdParty/SEGGER/OS" -I"D:/Workspace/RTOS_workspace/common/ThirdParty/SEGGER/SEGGER" -O0 -ffunction-sections -fdata-sections -Wall -fstack-usage -MMD -MP -MF"common/ThirdParty/FreeRTOS/portable/MemMang/heap_4.d" -MT"common/ThirdParty/FreeRTOS/portable/MemMang/heap_4.o" --specs=nano.specs -mfpu=fpv4-sp-d16 -mfloat-abi=hard -mthumb -o "common/ThirdParty/FreeRTOS/portable/MemMang/heap_4.o"
arm-none-eabi-gcc "D:/RTOSTaskProj_1/RTOSWorkSpace/FreeRTOSProj/common/ThirdParty/FreeRTOS/portable/GCC/ARM_CM4F/port.c" -mcpu=cortex-m4 -std=gnu11 -g3 -DUSE_HAL_DRIVER -DDEBUG -DSTM32F407xx -c -I../Drivers/CMSIS/Include -I../Drivers/STM32F4xx_HAL_Driver/Inc -I../Core/Inc -I../Drivers/CMSIS/Device/ST/STM32F4xx/Include -I../Drivers/STM32F4xx_HAL_Driver/Inc/Legacy -I"D:/Workspace/RTOS_workspace/common/ThirdParty/FreeRTOS/include" -I"D:/Workspace/RTOS_workspace/common/ThirdParty/FreeRTOS/portable/GCC/ARM_CM4F" -I"D:/Workspace/RTOS_workspace/common/ThirdParty/SEGGER/Config" -I"D:/Workspace/RTOS_workspace/common/ThirdParty/SEGGER/OS" -I"D:/Workspace/RTOS_workspace/common/ThirdParty/SEGGER/SEGGER" -O0 -ffunction-sections -fdata-sections -Wall -fstack-usage -MMD -MP -MF"common/ThirdParty/FreeRTOS/portable/GCC/ARM_CM4F/port.d" -MT"common/ThirdParty/FreeRTOS/portable/GCC/ARM_CM4F/port.o" --specs=nano.specs -mfpu=fpv4-sp-d16 -mfloat-abi=hard -mthumb -o "common/ThirdParty/FreeRTOS/portable/GCC/ARM_CM4F/port.o"
arm-none-eabi-gcc "D:/RTOSTaskProj_1/RTOSWorkSpace/FreeRTOSProj/common/ThirdParty/FreeRTOS/croutine.c" -mcpu=cortex-m4 -std=gnu11 -g3 -DUSE_HAL_DRIVER -DDEBUG -DSTM32F407xx -c -I../Drivers/CMSIS/Include -I../Drivers/STM32F4xx_HAL_Driver/Inc -I../Core/Inc -I../Drivers/CMSIS/Device/ST/STM32F4xx/Include -I../Drivers/STM32F4xx_HAL_Driver/Inc/Legacy -I"D:/Workspace/RTOS_workspace/common/ThirdParty/FreeRTOS/include" -I"D:/Workspace/RTOS_workspace/common/ThirdParty/FreeRTOS/portable/GCC/ARM_CM4F" -I"D:/Workspace/RTOS_workspace/common/ThirdParty/SEGGER/Config" -I"D:/Workspace/RTOS_workspace/common/ThirdParty/SEGGER/OS" -I"D:/Workspace/RTOS_workspace/common/ThirdParty/SEGGER/SEGGER" -O0 -ffunction-sections -fdata-sections -Wall -fstack-usage -MMD -MP -MF"common/ThirdParty/FreeRTOS/croutine.d" -MT"common/ThirdParty/FreeRTOS/croutine.o" --specs=nano.specs -mfpu=fpv4-sp-d16 -mfloat-abi=hard -mthumb -o "common/ThirdParty/FreeRTOS/croutine.o"
arm-none-eabi-gcc "D:/RTOSTaskProj_1/RTOSWorkSpace/FreeRTOSProj/common/ThirdParty/FreeRTOS/event_groups.c" -mcpu=cortex-m4 -std=gnu11 -g3 -DUSE_HAL_DRIVER -DDEBUG -DSTM32F407xx -c -I../Drivers/CMSIS/Include -I../Drivers/STM32F4xx_HAL_Driver/Inc -I../Core/Inc -I../Drivers/CMSIS/Device/ST/STM32F4xx/Include -I../Drivers/STM32F4xx_HAL_Driver/Inc/Legacy -I"D:/Workspace/RTOS_workspace/common/ThirdParty/FreeRTOS/include" -I"D:/Workspace/RTOS_workspace/common/ThirdParty/FreeRTOS/portable/GCC/ARM_CM4F" -I"D:/Workspace/RTOS_workspace/common/ThirdParty/SEGGER/Config" -I"D:/Workspace/RTOS_workspace/common/ThirdParty/SEGGER/OS" -I"D:/Workspace/RTOS_workspace/common/ThirdParty/SEGGER/SEGGER" -O0 -ffunction-sections -fdata-sections -Wall -fstack-usage -MMD -MP -MF"common/ThirdParty/FreeRTOS/event_groups.d" -MT"common/ThirdParty/FreeRTOS/event_groups.o" --specs=nano.specs -mfpu=fpv4-sp-d16 -mfloat-abi=hard -mthumb -o "common/ThirdParty/FreeRTOS/event_groups.o"
D:/RTOSTaskProj_1/RTOSWorkSpace/FreeRTOSProj/common/ThirdParty/FreeRTOS/portable/GCC/ARM_CM4F/port.c:32:10: fatal error: FreeRTOS.h: No such file or directory
 #include "FreeRTOS.h"
          ^~~~~~~~~~~~
compilation terminated.
D:/RTOSTaskProj_1/RTOSWorkSpace/FreeRTOSProj/common/ThirdParty/FreeRTOS/croutine.c:27:10: fatal error: FreeRTOS.h: No such file or directory
 #include "FreeRTOS.h"
          ^~~~~~~~~~~~
compilation terminated.
D:/RTOSTaskProj_1/RTOSWorkSpace/FreeRTOSProj/common/ThirdParty/FreeRTOS/portable/MemMang/heap_4.c:42:10: fatal error: FreeRTOS.h: No such file or directory
 #include "FreeRTOS.h"
          ^~~~~~~~~~~~
compilation terminated.
make: *** [common/ThirdParty/FreeRTOS/subdir.mk:36: common/ThirdParty/FreeRTOS/croutine.o] Error 1
make: *** Waiting for unfinished jobs....
make: *** [common/ThirdParty/FreeRTOS/portable/GCC/ARM_CM4F/subdir.mk:18: common/ThirdParty/FreeRTOS/portable/GCC/ARM_CM4F/port.o] Error 1
make: *** [common/ThirdParty/FreeRTOS/portable/MemMang/subdir.mk:18: common/ThirdParty/FreeRTOS/portable/MemMang/heap_4.o] Error 1
D:/RTOSTaskProj_1/RTOSWorkSpace/FreeRTOSProj/common/ThirdParty/FreeRTOS/event_groups.c:36:10: fatal error: FreeRTOS.h: No such file or directory
 #include "FreeRTOS.h"
          ^~~~~~~~~~~~
compilation terminated.
make: *** [common/ThirdParty/FreeRTOS/subdir.mk:38: common/ThirdParty/FreeRTOS/event_groups.o] Error 1
"make -j4 all" terminated with exit code 2. Build might be incomplete.

11:24:57 Build Failed. 9 errors, 0 warnings. (took 3s.156ms)

